<?xml version="1.0" encoding="UTF-8"?>
<!-- Generated by org.testng.reporters.JUnitXMLReporter -->
<testsuite hostname="TRANTOR114" name="Surefire test" tests="0" failures="0" timestamp="23 May 2019 06:30:57 GMT" time="0.713" errors="0">
  <testcase name="@AfterClass teardown" time="0.0" classname="step_definitions.FailedScenarios">
    <failure type="java.lang.NullPointerException">
      <![CDATA[java.lang.NullPointerException
	at com.cucumber.listener.Reporter.loadXMLConfig(Reporter.java:56)
	at step_definitions.FailedScenarios.teardown(FailedScenarios.java:36)
... Removed 28 stack frames]]>
    </failure>
  </testcase> <!-- @AfterClass teardown -->
</testsuite> <!-- Surefire test -->
